Added Component: Designator=D0(0805LED)
Added Component: Designator=D1(0805LED)
Added Component: Designator=D2(0805LED)
Added Component: Designator=D3(0805LED)
Added Component: Designator=D4(0805LED)
Added Component: Designator=D5(0805LED)
Added Component: Designator=D6(0805LED)
Added Component: Designator=D7(0805LED)
Added Component: Designator=MotorA(HDR2X3H)
Added Component: Designator=MotorB(HDR2X3H)
Added Component: Designator=R1(0805)
Added Component: Designator=R2(0805)
Added Component: Designator=R3(0805)
Added Component: Designator=R4(0805)
Added Component: Designator=R5(0805)
Added Component: Designator=R6(0805)
Added Component: Designator=R7(0805)
Added Component: Designator=R8(0805)
Added Component: Designator=R9(0805)
Added Component: Designator=R10(0805)
Added Component: Designator=R11(0805)
Added Component: Designator=R12(0805)
Added Component: Designator=R13(0805)
Added Component: Designator=R14(0805)
Added Component: Designator=R15(0805)
Added Component: Designator=R16(0805)
Added Component: Designator=R17(0805)
Added Component: Designator=R18(0805)
Added Component: Designator=R19(0805)
Added Component: Designator=R20(0805)
Added Component: Designator=S1(SPST-2)
Added Component: Designator=S2(SPST-2)
Added Component: Designator=S3(SPST-2)
Added Component: Designator=S4(SPST-2)
Added Component: Designator=S5(SPST-2)
Added Component: Designator=S6(SPST-2)
Added Component: Designator=S7(SPST-2)
Added Component: Designator=S8(SPST-2)
Added Component: Designator=S9(SO8_N)
Added Component: Designator=STM32F428Core(STM32F429Core)
Added Pin To Net: NetName=3V3 Pin=R1-2
Added Pin To Net: NetName=3V3 Pin=R2-2
Added Pin To Net: NetName=3V3 Pin=R3-2
Added Pin To Net: NetName=3V3 Pin=R4-2
Added Pin To Net: NetName=3V3 Pin=R5-2
Added Pin To Net: NetName=3V3 Pin=R6-2
Added Pin To Net: NetName=3V3 Pin=R7-2
Added Pin To Net: NetName=3V3 Pin=R8-2
Added Pin To Net: NetName=3V3 Pin=R9-2
Added Pin To Net: NetName=3V3 Pin=R10-2
Added Pin To Net: NetName=3V3 Pin=R11-2
Added Pin To Net: NetName=3V3 Pin=R12-2
Added Pin To Net: NetName=3V3 Pin=R13-2
Added Pin To Net: NetName=3V3 Pin=R14-2
Added Pin To Net: NetName=3V3 Pin=R15-2
Added Pin To Net: NetName=3V3 Pin=R16-2
Added Pin To Net: NetName=3V3 Pin=R17-2
Added Pin To Net: NetName=3V3 Pin=R18-2
Added Pin To Net: NetName=3V3 Pin=R19-2
Added Pin To Net: NetName=3V3 Pin=R20-2
Added Net: Name=3V3
Added Pin To Net: NetName=5V Pin=STM32F428Core-57
Added Pin To Net: NetName=5V Pin=STM32F428Core-85
Added Net: Name=5V
Added Pin To Net: NetName=GND Pin=S1-1
Added Pin To Net: NetName=GND Pin=S2-1
Added Pin To Net: NetName=GND Pin=S3-1
Added Pin To Net: NetName=GND Pin=S4-1
Added Pin To Net: NetName=GND Pin=S5-1
Added Pin To Net: NetName=GND Pin=S6-1
Added Pin To Net: NetName=GND Pin=S7-1
Added Pin To Net: NetName=GND Pin=S8-1
Added Pin To Net: NetName=GND Pin=S9-1
Added Pin To Net: NetName=GND Pin=S9-2
Added Pin To Net: NetName=GND Pin=S9-3
Added Pin To Net: NetName=GND Pin=S9-4
Added Pin To Net: NetName=GND Pin=STM32F428Core-1
Added Pin To Net: NetName=GND Pin=STM32F428Core-29
Added Pin To Net: NetName=GND Pin=STM32F428Core-59
Added Pin To Net: NetName=GND Pin=STM32F428Core-87
Added Net: Name=GND
Added Pin To Net: NetName=NetD0_1 Pin=D0-1
Added Pin To Net: NetName=NetD0_1 Pin=R20-1
Added Net: Name=NetD0_1
Added Pin To Net: NetName=NetD1_1 Pin=D1-1
Added Pin To Net: NetName=NetD1_1 Pin=R19-1
Added Net: Name=NetD1_1
Added Pin To Net: NetName=NetD2_1 Pin=D2-1
Added Pin To Net: NetName=NetD2_1 Pin=R18-1
Added Net: Name=NetD2_1
Added Pin To Net: NetName=NetD3_1 Pin=D3-1
Added Pin To Net: NetName=NetD3_1 Pin=R17-1
Added Net: Name=NetD3_1
Added Pin To Net: NetName=NetD4_1 Pin=D4-1
Added Pin To Net: NetName=NetD4_1 Pin=R16-1
Added Net: Name=NetD4_1
Added Pin To Net: NetName=NetD5_1 Pin=D5-1
Added Pin To Net: NetName=NetD5_1 Pin=R15-1
Added Net: Name=NetD5_1
Added Pin To Net: NetName=NetD6_1 Pin=D6-1
Added Pin To Net: NetName=NetD6_1 Pin=R14-1
Added Net: Name=NetD6_1
Added Pin To Net: NetName=NetD7_1 Pin=D7-1
Added Pin To Net: NetName=NetD7_1 Pin=R13-1
Added Net: Name=NetD7_1
Added Pin To Net: NetName=PH2 Pin=R1-1
Added Pin To Net: NetName=PH2 Pin=S1-2
Added Pin To Net: NetName=PH2 Pin=STM32F428Core-79
Added Net: Name=PH2
Added Pin To Net: NetName=PH3 Pin=R2-1
Added Pin To Net: NetName=PH3 Pin=S2-2
Added Pin To Net: NetName=PH3 Pin=STM32F428Core-107
Added Net: Name=PH3
Added Pin To Net: NetName=PH9 Pin=R3-1
Added Pin To Net: NetName=PH9 Pin=S3-2
Added Pin To Net: NetName=PH9 Pin=STM32F428Core-23
Added Net: Name=PH9
Added Pin To Net: NetName=PH10 Pin=R4-1
Added Pin To Net: NetName=PH10 Pin=S4-2
Added Pin To Net: NetName=PH10 Pin=STM32F428Core-51
Added Net: Name=PH10
Added Pin To Net: NetName=PH11 Pin=R5-1
Added Pin To Net: NetName=PH11 Pin=S5-2
Added Pin To Net: NetName=PH11 Pin=STM32F428Core-50
Added Net: Name=PH11
Added Pin To Net: NetName=PH12 Pin=R6-1
Added Pin To Net: NetName=PH12 Pin=S6-2
Added Pin To Net: NetName=PH12 Pin=STM32F428Core-49
Added Net: Name=PH12
Added Pin To Net: NetName=PH13 Pin=R7-1
Added Pin To Net: NetName=PH13 Pin=S7-2
Added Pin To Net: NetName=PH13 Pin=STM32F428Core-74
Added Net: Name=PH13
Added Pin To Net: NetName=PH14 Pin=R8-1
Added Pin To Net: NetName=PH14 Pin=S8-2
Added Pin To Net: NetName=PH14 Pin=STM32F428Core-48
Added Net: Name=PH14
Added Pin To Net: NetName=PI0 Pin=R9-1
Added Pin To Net: NetName=PI0 Pin=S9-5
Added Pin To Net: NetName=PI0 Pin=STM32F428Core-101
Added Net: Name=PI0
Added Pin To Net: NetName=PI1 Pin=R10-1
Added Pin To Net: NetName=PI1 Pin=S9-6
Added Pin To Net: NetName=PI1 Pin=STM32F428Core-40
Added Net: Name=PI1
Added Pin To Net: NetName=PI2 Pin=R11-1
Added Pin To Net: NetName=PI2 Pin=S9-7
Added Pin To Net: NetName=PI2 Pin=STM32F428Core-100
Added Net: Name=PI2
Added Pin To Net: NetName=PI3 Pin=R12-1
Added Pin To Net: NetName=PI3 Pin=S9-8
Added Pin To Net: NetName=PI3 Pin=STM32F428Core-7
Added Net: Name=PI3
Added Pin To Net: NetName=PI4 Pin=D7-2
Added Pin To Net: NetName=PI4 Pin=STM32F428Core-69
Added Net: Name=PI4
Added Pin To Net: NetName=PI5 Pin=D6-2
Added Pin To Net: NetName=PI5 Pin=STM32F428Core-18
Added Net: Name=PI5
Added Pin To Net: NetName=PI6 Pin=D5-2
Added Pin To Net: NetName=PI6 Pin=STM32F428Core-46
Added Net: Name=PI6
Added Pin To Net: NetName=PI7 Pin=D4-2
Added Pin To Net: NetName=PI7 Pin=STM32F428Core-17
Added Net: Name=PI7
Added Pin To Net: NetName=PI8 Pin=D3-2
Added Pin To Net: NetName=PI8 Pin=STM32F428Core-26
Added Net: Name=PI8
Added Pin To Net: NetName=PI9 Pin=D2-2
Added Pin To Net: NetName=PI9 Pin=STM32F428Core-66
Added Net: Name=PI9
Added Pin To Net: NetName=PI10 Pin=D1-2
Added Pin To Net: NetName=PI10 Pin=STM32F428Core-95
Added Net: Name=PI10
Added Pin To Net: NetName=PI11 Pin=D0-2
Added Pin To Net: NetName=PI11 Pin=STM32F428Core-108
Added Net: Name=PI11
Added Net: Name=VIN_RAW
Added Class: Name=Flight_Controller
Added Room: Name=Flight_Controller
